15:13:04,165 __main__ INFO PARAMETERS: MIN_AGE - 18, MAX_AGE - 100, GEDER - M, LIMIT - 10
15:13:04,165 asyncio DEBUG Using selector: EpollSelector
15:13:04,166 __main__ INFO Started similarity import for table similarities_20230323151304.
15:13:04,185 __main__ INFO Connected to databases, starting to download categories.
15:13:04,242 __main__ INFO Finished downloading hadm_ids for cohort from db.
15:13:04,538 __main__ INFO Finished downloading demographics for cohort from db.
15:13:04,541 __main__ INFO Finished downloading diagnoses for cohort from db.
15:13:04,577 __main__ INFO Finished downloading labevents for cohort from db.
15:13:04,651 __main__ INFO Finished downloading inputevents for cohort from db.
15:13:04,651 __main__ INFO Starting to build similarity encounter for hadm_ids.
15:13:04,652 __main__ INFO Cleaning diagnoses.
15:13:07,449 __main__ INFO Cleaned 4 bad diagnoses records, 199 good diagnoses records
15:13:07,599 __main__ INFO Finished building similarity encounters.
15:13:07,727 __main__ INFO Finished pairing encounter.
15:13:07,727 __main__ INFO Total of 45 created.
15:13:07,727 __main__ INFO Starting multiprocesses to calculate similarities
15:13:10,376 __main__ INFO Finished calculating similarities, staring to normalize.
15:13:10,376 __main__ INFO Finished normalizing.
15:13:10,376 __main__ INFO Inserting a total of 45 into database.
15:13:10,439 __main__ INFO Finished insertion, closing database conncetion.
15:13:10,449 __main__ INFO Async time: 6.283808946609497
